<?xml version="1.0" encoding="UTF-8"?>
<!-- Generated by org.testng.reporters.JUnitXMLReporter -->
<testsuite ignored="0" hostname="RAHUL" failures="0" tests="1" name="Test-Runner-Edge" time="196544.368" errors="0" timestamp="2023-10-14T11:07:36 IST">
  <testcase classname="testNgPractice.CreateContactTest" name="createContactTest" time="196544.303"/>
</testsuite> <!-- Test-Runner-Edge -->
