<?xml version="1.0" encoding="UTF-8"?>
<!-- Generated by org.testng.reporters.JUnitXMLReporter -->
<testsuite ignored="0" hostname="RAHUL" failures="0" tests="1" name="Test-Runner-Firefox" time="196541.348" errors="0" timestamp="2023-10-14T11:07:33 IST">
  <testcase classname="testNgPractice.CreateContactTest" name="createContactTest" time="196541.278"/>
</testsuite> <!-- Test-Runner-Firefox -->
