<?xml version="1.0" encoding="UTF-8"?>
<!-- Generated by org.testng.reporters.JUnitReportReporter -->
<testsuite hostname="RAHUL" failures="0" tests="1" name="testNgPractice.CreateContactWithOrganizationUsingBaseClass" time="31.764" errors="0" timestamp="2023-10-11T15:42:12 IST" skipped="0">
  <testcase classname="testNgPractice.CreateContactWithOrganizationUsingBaseClass" name="CreateContactWithOrganizationTest" time="31.764"/>
  <system-out/>
</testsuite> <!-- testNgPractice.CreateContactWithOrganizationUsingBaseClass -->
