<?xml version="1.0" encoding="UTF-8"?>
<!-- Generated by org.testng.reporters.JUnitReportReporter -->
<testsuite hostname="RAHUL" failures="0" tests="2" name="testNgPractice.CreateContactTest" time="393085.562" errors="0" timestamp="2023-10-14T11:07:36 IST" skipped="0">
  <testcase classname="testNgPractice.CreateContactTest" name="createContactTest" time="196544.297"/>
  <system-out/>
  <testcase classname="testNgPractice.CreateContactTest" name="createContactTest" time="196541.281"/>
  <system-out/>
</testsuite> <!-- testNgPractice.CreateContactTest -->
