<?xml version="1.0" encoding="UTF-8"?>
<!-- Generated by org.testng.reporters.JUnitReportReporter -->
<testsuite hostname="RAHUL" failures="0" tests="3" name="testNgPractice.TestNgPractice" time="0.020" errors="0" timestamp="2023-10-03T20:40:56 IST" skipped="0">
  <testcase classname="testNgPractice.TestNgPractice" name="DeleteContact" time="0.003"/>
  <system-out/>
  <testcase classname="testNgPractice.TestNgPractice" name="ModifyContact" time="0.002"/>
  <system-out/>
  <testcase classname="testNgPractice.TestNgPractice" name="CreateContact" time="0.015"/>
  <system-out/>
</testsuite> <!-- testNgPractice.TestNgPractice -->
