<?xml version="1.0" encoding="UTF-8"?>
<!-- Generated by org.testng.reporters.JUnitReportReporter -->
<testsuite hostname="RAHUL" failures="0" tests="5" name="testNgPractice.CreateMultipleOrgWithIndustry" time="169.792" errors="0" timestamp="2023-10-07T15:50:46 IST" skipped="0">
  <testcase classname="testNgPractice.CreateMultipleOrgWithIndustry" name="createMultipleOrg" time="31.981"/>
  <system-out/>
  <testcase classname="testNgPractice.CreateMultipleOrgWithIndustry" name="createMultipleOrg" time="55.103"/>
  <system-out/>
  <testcase classname="testNgPractice.CreateMultipleOrgWithIndustry" name="createMultipleOrg" time="27.872"/>
  <system-out/>
  <testcase classname="testNgPractice.CreateMultipleOrgWithIndustry" name="createMultipleOrg" time="29.524"/>
  <system-out/>
  <testcase classname="testNgPractice.CreateMultipleOrgWithIndustry" name="createMultipleOrg" time="25.312"/>
  <system-out/>
</testsuite> <!-- testNgPractice.CreateMultipleOrgWithIndustry -->
