<?xml version="1.0" encoding="UTF-8"?>
<!-- Generated by org.testng.reporters.JUnitReportReporter -->
<testsuite hostname="RAHUL" failures="0" tests="1" name="assertionPractice.CreateOrganizationRegressionSuiteGroupExecution" time="16.332" errors="0" timestamp="2023-10-11T21:43:28 IST" skipped="0">
  <testcase classname="assertionPractice.CreateOrganizationRegressionSuiteGroupExecution" name="CreateOrganizationassert" time="16.332"/>
  <system-out/>
</testsuite> <!-- assertionPractice.CreateOrganizationRegressionSuiteGroupExecution -->
