<?xml version="1.0" encoding="UTF-8"?>
<!-- Generated by org.testng.reporters.JUnitReportReporter -->
<testsuite hostname="RAHUL" failures="0" tests="1" name="organizationTests.CreateOrganizationTest" time="52.083" errors="0" timestamp="2023-10-25T10:09:30 IST" skipped="0">
  <testcase classname="organizationTests.CreateOrganizationTest" name="createOrganization" time="52.083"/>
  <system-out/>
</testsuite> <!-- organizationTests.CreateOrganizationTest -->
