<?xml version="1.0" encoding="UTF-8"?>
<!-- Generated by org.testng.reporters.JUnitReportReporter -->
<testsuite hostname="RAHUL" failures="0" tests="1" name="assertionPractice.CreateContactSmokeSuiteGroupExecution" time="17.710" errors="0" timestamp="2023-10-11T21:39:33 IST" skipped="0">
  <testcase classname="assertionPractice.CreateContactSmokeSuiteGroupExecution" name="CreateContactassert" time="17.710"/>
  <system-out/>
</testsuite> <!-- assertionPractice.CreateContactSmokeSuiteGroupExecution -->
