<?xml version="1.0" encoding="UTF-8"?>
<!-- Generated by org.testng.reporters.JUnitReportReporter -->
<testsuite hostname="RAHUL" failures="0" tests="1" name="listenersPractice.CreateContactLowLevelReport" time="16.507" errors="0" timestamp="2023-10-19T00:48:36 IST" skipped="0">
  <testcase classname="listenersPractice.CreateContactLowLevelReport" name="createContact" time="16.507"/>
  <system-out>
    <![CDATA[Clicked on contacts Link
Clicked Create Contact Look Up Img
Contact Create Successfully
Header Captured
Header validated]]>
  </system-out>
</testsuite> <!-- listenersPractice.CreateContactLowLevelReport -->
