<?xml version="1.0" encoding="UTF-8"?>
<!-- Generated by org.testng.reporters.JUnitReportReporter -->
<testsuite hostname="RAHUL" failures="0" tests="1" name="testNgPractice.CreateContactTestUsingBaseClass" time="16.764" errors="0" timestamp="2023-10-11T16:19:35 IST" skipped="0">
  <testcase classname="testNgPractice.CreateContactTestUsingBaseClass" name="createContactTest" time="16.764"/>
  <system-out/>
</testsuite> <!-- testNgPractice.CreateContactTestUsingBaseClass -->
