<?xml version="1.0" encoding="UTF-8"?>
<!-- Generated by org.testng.reporters.JUnitReportReporter -->
<testsuite hostname="RAHUL" failures="0" tests="3" name="testNgPractice.DataProviderPractice" time="0.014" errors="0" timestamp="2023-10-05T15:31:50 IST" skipped="0">
  <testcase classname="testNgPractice.DataProviderPractice" name="addProductToCart" time="0.009"/>
  <system-out/>
  <testcase classname="testNgPractice.DataProviderPractice" name="addProductToCart" time="0.003"/>
  <system-out/>
  <testcase classname="testNgPractice.DataProviderPractice" name="addProductToCart" time="0.002"/>
  <system-out/>
</testsuite> <!-- testNgPractice.DataProviderPractice -->
