<?xml version="1.0" encoding="UTF-8"?>
<!-- Generated by org.testng.reporters.JUnitReportReporter -->
<testsuite hostname="RAHUL" failures="0" tests="1" name="practice.ReadDataFromCmdLine" time="0.017" errors="0" timestamp="2023-10-25T10:38:07 IST" skipped="0">
  <testcase classname="practice.ReadDataFromCmdLine" name="read" time="0.017"/>
  <system-out/>
</testsuite> <!-- practice.ReadDataFromCmdLine -->
