<?xml version="1.0" encoding="UTF-8"?>
<!-- Generated by org.testng.reporters.JUnitReportReporter -->
<testsuite hostname="RAHUL" failures="0" tests="1" name="practice.RetryAnalyserPractice" time="0.016" errors="0" timestamp="2023-10-19T01:01:32 IST" skipped="0">
  <testcase classname="practice.RetryAnalyserPractice" name="analyserPractice" time="0.016"/>
  <system-out/>
</testsuite> <!-- practice.RetryAnalyserPractice -->
